0 info it worked if it ends with ok
1 verbose cli [ 'node', '/usr/local/bin/npm', 'install', '-g', 'coffedoc' ]
2 info using npm@1.1.63
3 info using node@v0.8.12
4 verbose read json /usr/local/lib/package.json
5 verbose read json /usr/local/lib/package.json
6 verbose cache add [ 'coffedoc', null ]
7 silly cache add name=undefined spec="coffedoc" args=["coffedoc",null]
8 verbose parsed url { pathname: 'coffedoc', path: 'coffedoc', href: 'coffedoc' }
9 silly lockFile 061bba87-coffedoc coffedoc
10 verbose lock coffedoc /Users/davidedellacasa/.npm/061bba87-coffedoc.lock
11 silly lockFile 061bba87-coffedoc coffedoc
12 verbose addNamed [ 'coffedoc', '' ]
13 verbose addNamed [ null, '' ]
14 silly lockFile 965323ae-coffedoc coffedoc@
15 verbose lock coffedoc@ /Users/davidedellacasa/.npm/965323ae-coffedoc.lock
16 silly addNameRange { name: 'coffedoc', range: '', hasData: false }
17 verbose url raw coffedoc
18 verbose url resolving [ 'https://registry.npmjs.org/', './coffedoc' ]
19 verbose url resolved https://registry.npmjs.org/coffedoc
20 info trying registry request attempt 1 at 22:36:16
21 http GET https://registry.npmjs.org/coffedoc
22 http 404 https://registry.npmjs.org/coffedoc
23 silly registry.get cb [ 404,
23 silly registry.get   { server: 'CouchDB/1.2.1 (Erlang OTP/R15B)',
23 silly registry.get     date: 'Thu, 17 Jan 2013 22:34:47 GMT',
23 silly registry.get     'content-type': 'application/json',
23 silly registry.get     'content-length': '52',
23 silly registry.get     'cache-control': 'must-revalidate' } ]
24 silly lockFile 965323ae-coffedoc coffedoc@
25 error 404 'coffedoc' is not in the npm registry.
25 error 404 You should bug the author to publish it
25 error 404
25 error 404 Note that you can also install from a
25 error 404 tarball, folder, or http url, or git url.
26 error System Darwin 12.2.0
27 error command "node" "/usr/local/bin/npm" "install" "-g" "coffedoc"
28 error cwd /Users/davidedellacasa/Desktop/livecodelab
29 error node -v v0.8.12
30 error npm -v 1.1.63
31 error code E404
32 verbose exit [ 1, true ]
